#
# There is insufficient memory for the Java Runtime Environment to continue.
# Native memory allocation (mmap) failed to map 2064384 bytes for G1 virtual space
# Possible reasons:
#   The system is out of physical RAM or swap space
#   The process is running with CompressedOops enabled, and the Java Heap may be blocking the growth of the native heap
# Possible solutions:
#   Reduce memory load on the system
#   Increase physical memory or swap space
#   Check if swap backing store is full
#   Decrease Java heap size (-Xmx/-Xms)
#   Decrease number of Java threads
#   Decrease Java thread stack sizes (-Xss)
#   Set larger code cache with -XX:ReservedCodeCacheSize=
#   JVM is running with Unscaled Compressed Oops mode in which the Java heap is
#     placed in the first 4GB address space. The Java Heap base address is the
#     maximum limit for the native heap growth. Please use -XX:HeapBaseMinAddress
#     to set the Java Heap base and to place the Java Heap above 4GB virtual address.
# This output file may be truncated or incomplete.
#
#  Out of Memory Error (os_windows.cpp:3527), pid=22932, tid=10320
#
# JRE version:  (19.0+36) (build )
# Java VM: Java HotSpot(TM) 64-Bit Server VM (19+36-2238, mixed mode, sharing, tiered, compressed oops, compressed class ptrs, g1 gc, windows-amd64)
# No core dump will be written. Minidumps are not enabled by default on client versions of Windows
#

---------------  S U M M A R Y ------------

Command Line: -Dfile.encoding=UTF-8 --module-path=C:\Users\pavit\OneDrive\Documents\NetBeansProjects\Quiz_Applicationpavi\build\classes quiz_applicationpavi.Quiz

Host: 11th Gen Intel(R) Core(TM) i5-1155G7 @ 2.50GHz, 8 cores, 7G,  Windows 11 , 64 bit Build 22621 (10.0.22621.2506)
Time: Mon Jan  1 22:48:01 2024 India Standard Time elapsed time: 0.013761 seconds (0d 0h 0m 0s)

---------------  T H R E A D  ---------------

Current thread (0x0000025c661293c0):  JavaThread "Unknown thread" [_thread_in_vm, id=10320, stack(0x000000f9ae200000,0x000000f9ae300000)]

Stack: [0x000000f9ae200000,0x000000f9ae300000]
Native frames: (J=compiled Java code, j=interpreted, Vv=VM code, C=native code)
V  [jvm.dll+0x6ee8fa]
V  [jvm.dll+0x857a1e]
V  [jvm.dll+0x85940e]
V  [jvm.dll+0x859ac3]
V  [jvm.dll+0x28291f]
V  [jvm.dll+0x6eb6e9]
V  [jvm.dll+0x6e028a]
V  [jvm.dll+0x357136]
V  [jvm.dll+0x35eb96]
V  [jvm.dll+0x3b5573]
V  [jvm.dll+0x3b578f]
V  [jvm.dll+0x32c6ea]
V  [jvm.dll+0x32d59e]
V  [jvm.dll+0x821b20]
V  [jvm.dll+0x3c27c1]
V  [jvm.dll+0x8022f1]
V  [jvm.dll+0x44b30f]
V  [jvm.dll+0x44cc91]
C  [jli.dll+0x5287]
C  [ucrtbase.dll+0x29363]
C  [KERNEL32.DLL+0x1257d]
C  [ntdll.dll+0x5aa58]


---------------  P R O C E S S  ---------------

Threads class SMR info:
_java_thread_list=0x00007ffedf9bd048, length=0, elements={
}

Java Threads: ( => current thread )

Other Threads:
  0x0000025c661879a0 WorkerThread "GC Thread#0" [stack: 0x000000f9ae300000,0x000000f9ae400000] [id=35204]
  0x0000025c66198150 ConcurrentGCThread "G1 Main Marker" [stack: 0x000000f9ae400000,0x000000f9ae500000] [id=25164]
  0x0000025c66199b90 WorkerThread "G1 Conc#0" [stack: 0x000000f9ae500000,0x000000f9ae600000] [id=29740]

[error occurred during error reporting (printing all threads), id 0xc0000005, EXCEPTION_ACCESS_VIOLATION (0xc0000005) at pc=0x00007ffedf17d127]

VM state: not at safepoint (not fully initialized)

VM Mutex/Monitor currently owned by a thread:  ([mutex/lock_event])
[0x0000025c66124be0] Heap_lock - owner thread: 0x0000025c661293c0

Heap address: 0x0000000083e00000, size: 1986 MB, Compressed Oops mode: 32-bit

CDS archive(s) mapped at: [0x0000000000000000-0x0000000000000000-0x0000000000000000), size 0, SharedBaseAddress: 0x0000000800000000, ArchiveRelocationMode: 0.
Narrow klass base: 0x0000000000000000, Narrow klass shift: 0, Narrow klass range: 0x0

GC Precious Log:
 CardTable entry size: 512
 Card Set container configuration: InlinePtr #cards 5 size 8 Array Of Cards #cards 12 size 40 Howl #buckets 4 coarsen threshold 1843 Howl Bitmap #cards 512 size 80 coarsen threshold 460 Card regions per heap region 1 cards per card region 2048

Heap:
 garbage-first heap   total 0K, used 0K [0x0000000083e00000, 0x0000000100000000)
  region size 1024K, 0 young (0K), 0 survivors (0K)

[error occurred during error reporting (printing heap information), id 0xc0000005, EXCEPTION_ACCESS_VIOLATION (0xc0000005) at pc=0x00007ffedf586959]

GC Heap History (0 events):
No events

Dll operation events (1 events):
Event: 0.007 Loaded shared library C:\Program Files\Java\jdk-19\bin\java.dll

Deoptimization events (0 events):
No events

Classes loaded (0 events):
No events

Classes unloaded (0 events):
No events

Classes redefined (0 events):
No events

Internal exceptions (0 events):
No events

VM Operations (0 events):
No events

Events (0 events):
No events


Dynamic libraries:
0x00007ff6b8180000 - 0x00007ff6b8190000 	C:\Program Files\Java\jdk-19\bin\java.exe
0x00007fff3dbb0000 - 0x00007fff3ddc7000 	C:\WINDOWS\SYSTEM32\ntdll.dll
0x00007fff3d1f0000 - 0x00007fff3d2b4000 	C:\WINDOWS\System32\KERNEL32.DLL
0x00007fff3af20000 - 0x00007fff3b2c6000 	C:\WINDOWS\System32\KERNELBASE.dll
0x00007fff3b620000 - 0x00007fff3b731000 	C:\WINDOWS\System32\ucrtbase.dll
0x00007fff363a0000 - 0x00007fff363b8000 	C:\Program Files\Java\jdk-19\bin\jli.dll
0x00007fff3d660000 - 0x00007fff3d711000 	C:\WINDOWS\System32\ADVAPI32.dll
0x00007ffedee20000 - 0x00007ffedee3b000 	C:\Program Files\Java\jdk-19\bin\VCRUNTIME140.dll
0x00007fff3dab0000 - 0x00007fff3db57000 	C:\WINDOWS\System32\msvcrt.dll
0x00007fff3d410000 - 0x00007fff3d4b5000 	C:\WINDOWS\System32\sechost.dll
0x00007fff3d980000 - 0x00007fff3da97000 	C:\WINDOWS\System32\RPCRT4.dll
0x00007fff3b900000 - 0x00007fff3baae000 	C:\WINDOWS\System32\USER32.dll
0x00007fff3b7e0000 - 0x00007fff3b806000 	C:\WINDOWS\System32\win32u.dll
0x00007fff1c250000 - 0x00007fff1c4e3000 	C:\WINDOWS\WinSxS\amd64_microsoft.windows.common-controls_6595b64144ccf1df_6.0.22621.2506_none_270c5ae97388e100\COMCTL32.dll
0x00007fff3d2e0000 - 0x00007fff3d309000 	C:\WINDOWS\System32\GDI32.dll
0x00007fff3b500000 - 0x00007fff3b618000 	C:\WINDOWS\System32\gdi32full.dll
0x00007fff3b740000 - 0x00007fff3b7da000 	C:\WINDOWS\System32\msvcp_win.dll
0x00007fff2f640000 - 0x00007fff2f64a000 	C:\WINDOWS\SYSTEM32\VERSION.dll
0x00007fff3d120000 - 0x00007fff3d151000 	C:\WINDOWS\System32\IMM32.DLL
0x00007ffedee00000 - 0x00007ffedee0c000 	C:\Program Files\Java\jdk-19\bin\vcruntime140_1.dll
0x00007ffedd8b0000 - 0x00007ffedd93e000 	C:\Program Files\Java\jdk-19\bin\msvcp140.dll
0x00007ffedee40000 - 0x00007ffedfb00000 	C:\Program Files\Java\jdk-19\bin\server\jvm.dll
0x00007fff33be0000 - 0x00007fff33c14000 	C:\WINDOWS\SYSTEM32\WINMM.dll
0x00007ffedee10000 - 0x00007ffedee19000 	C:\WINDOWS\SYSTEM32\WSOCK32.dll
0x00007fff3cd80000 - 0x00007fff3cdf1000 	C:\WINDOWS\System32\WS2_32.dll
0x00007fff39f20000 - 0x00007fff39f38000 	C:\WINDOWS\SYSTEM32\kernel.appcore.dll
0x00007ffeded30000 - 0x00007ffeded3a000 	C:\Program Files\Java\jdk-19\bin\jimage.dll
0x00007fff38900000 - 0x00007fff38b33000 	C:\WINDOWS\SYSTEM32\DBGHELP.DLL
0x00007fff3bf30000 - 0x00007fff3c2b9000 	C:\WINDOWS\System32\combase.dll
0x00007fff3cfe0000 - 0x00007fff3d0b7000 	C:\WINDOWS\System32\OLEAUT32.dll
0x00007fff1a080000 - 0x00007fff1a0b2000 	C:\WINDOWS\SYSTEM32\dbgcore.DLL
0x00007fff3b880000 - 0x00007fff3b8fa000 	C:\WINDOWS\System32\bcryptPrimitives.dll
0x00007ffeded90000 - 0x00007ffededb6000 	C:\Program Files\Java\jdk-19\bin\java.dll

dbghelp: loaded successfully - version: 4.0.5 - missing functions: none
symbol engine: initialized successfully - sym options: 0x614 - pdb path: .;C:\Program Files\Java\jdk-19\bin;C:\WINDOWS\SYSTEM32;C:\WINDOWS\WinSxS\amd64_microsoft.windows.common-controls_6595b64144ccf1df_6.0.22621.2506_none_270c5ae97388e100;C:\Program Files\Java\jdk-19\bin\server

VM Arguments:
jvm_args: -Dfile.encoding=UTF-8 --module-path=C:\Users\pavit\OneDrive\Documents\NetBeansProjects\Quiz_Applicationpavi\build\classes 
java_command: quiz_applicationpavi.Quiz
java_class_path (initial): C:\Users\pavit\OneDrive\Documents\NetBeansProjects\Quiz_Applicationpavi\build\classes
Launcher Type: SUN_STANDARD

[Global flags]
     intx CICompilerCount                          = 4                                         {product} {ergonomic}
     uint ConcGCThreads                            = 2                                         {product} {ergonomic}
     uint G1ConcRefinementThreads                  = 8                                         {product} {ergonomic}
   size_t G1HeapRegionSize                         = 1048576                                   {product} {ergonomic}
    uintx GCDrainStackTargetSize                   = 64                                        {product} {ergonomic}
   size_t InitialHeapSize                          = 132120576                                 {product} {ergonomic}
   size_t MarkStackSize                            = 4194304                                   {product} {ergonomic}
   size_t MaxHeapSize                              = 2082471936                                {product} {ergonomic}
   size_t MinHeapDeltaBytes                        = 1048576                                   {product} {ergonomic}
   size_t MinHeapSize                              = 8388608                                   {product} {ergonomic}
    uintx NonNMethodCodeHeapSize                   = 5839372                                {pd product} {ergonomic}
    uintx NonProfiledCodeHeapSize                  = 122909434                              {pd product} {ergonomic}
    uintx ProfiledCodeHeapSize                     = 122909434                              {pd product} {ergonomic}
    uintx ReservedCodeCacheSize                    = 251658240                              {pd product} {ergonomic}
     bool SegmentedCodeCache                       = true                                      {product} {ergonomic}
   size_t SoftMaxHeapSize                          = 2082471936                             {manageable} {ergonomic}
     bool UseCompressedClassPointers               = true                           {product lp64_product} {ergonomic}
     bool UseCompressedOops                        = true                           {product lp64_product} {ergonomic}
     bool UseG1GC                                  = true                                      {product} {ergonomic}
     bool UseLargePagesIndividualAllocation        = false                                  {pd product} {ergonomic}

Logging:
Log output configuration:
 #0: stdout all=warning uptime,level,tags foldmultilines=false
 #1: stderr all=off uptime,level,tags foldmultilines=false

Environment Variables:
JAVA_HOME=C:\Program Files\Java\jdk-11.0.13
PATH=C:\Program Files\Common Files\Oracle\Java\javapath;C:\Users\pavit\AppData\Local\Programs\Python\Python310\Scripts\;C:\Users\pavit\AppData\Local\Programs\Python\Python310\;D:\softwares\Gradel\gradle-6.5.1-bin\gradle-6.5.1\bin;C:\Program Files\nodejs\;C:\Program Files\MongoDB\Server\6.0\bin;C:\Program Files\RabbitMQ Server\rabbitmq_server-3.10.7\sbin;C:\Windows\System32;C:\Program Files\Git\cmd;C:\WINDOWS\system32;C:\WINDOWS;C:\WINDOWS\System32\Wbem;C:\WINDOWS\System32\WindowsPowerShell\v1.0\;C:\WINDOWS\System32\OpenSSH\;C:\Users\pavit\AppData\Local\Microsoft\WindowsApps;D:\softwares\Gradel\gradle-6.5.1-bin\gradle-6.5.1\bin;C:\Program Files\Java\jdk-18\bin;D:\softwares\gradle\gradle-6.5.1-bin\gradle-6.5.1\bin;;C:\Users\pavit\AppData\Local\Programs\Microsoft VS Code\bin;C:\Users\pavit\AppData\Roaming\npm;D:\softwares\IntelliJ IDEA 2022.2\bin;;C:\Users\pavit\IntelliJ IDEA Community Edition 2022.2\bin;
USERNAME=pavit
OS=Windows_NT
PROCESSOR_IDENTIFIER=Intel64 Family 6 Model 140 Stepping 2, GenuineIntel
TMP=C:\Users\pavit\AppData\Local\Temp
TEMP=C:\Users\pavit\AppData\Local\Temp



---------------  S Y S T E M  ---------------

OS:
 Windows 11 , 64 bit Build 22621 (10.0.22621.2506)
OS uptime: 1 days 1:20 hours

CPU: total 8 (initial active 8) (4 cores per cpu, 2 threads per core) family 6 model 140 stepping 2 microcode 0x2c, cx8, cmov, fxsr, ht, mmx, 3dnowpref, sse, sse2, sse3, ssse3, sse4.1, sse4.2, popcnt, lzcnt, tsc, tscinvbit, avx, avx2, aes, erms, clmul, bmi1, bmi2, adx, avx512f, avx512dq, avx512cd, avx512bw, avx512vl, sha, fma, vzeroupper, avx512_vpopcntdq, avx512_vpclmulqdq, avx512_vaes, avx512_vnni, clflush, clflushopt, clwb, avx512_vbmi2, avx512_vbmi, rdtscp, rdpid, fsrm, gfni, avx512_bitalg

Memory: 4k page, system-wide physical 7941M (567M free)
TotalPageFile size 32517M (AvailPageFile size 6M)
current process WorkingSet (physical memory assigned to process): 11M, peak: 11M
current process commit charge ("private bytes"): 186M, peak: 188M

vm_info: Java HotSpot(TM) 64-Bit Server VM (19+36-2238) for windows-amd64 JRE (19+36-2238), built on 2022-08-12T20:29:01Z by "mach5one" with MS VC++ 17.1 (VS2022)

END.
